<?xml version="1.0" encoding="UTF-8"?>
<!-- Generated by org.testng.reporters.JUnitReportReporter -->
<testsuite hostname="Suchintan-2.local" failures="0" tests="2" name="testcases.SearchProductTest" time="29.705" errors="0" timestamp="2024-10-03T00:08:47 IST" skipped="0">
  <testcase classname="testcases.SearchProductTest" name="searchWithValidText" time="19.589"/>
  <testcase classname="testcases.SearchProductTest" name="searchWithValidText" time="10.116"/>
</testsuite> <!-- testcases.SearchProductTest -->
